2021-01-24 01:37:24.282 -03:00 [Music_App] [Information] SkyApm.InstrumentStartup : Initializing ...
2021-01-24 01:37:24.357 -03:00 [Music_App] [Information] SkyApm.Service.RegisterService : Loaded instrument service [SkyApm.Service.RegisterService].
2021-01-24 01:37:24.364 -03:00 [Music_App] [Information] SkyApm.Service.PingService : Loaded instrument service [SkyApm.Service.PingService].
2021-01-24 01:37:24.364 -03:00 [Music_App] [Information] SkyApm.Service.SegmentReportService : Loaded instrument service [SkyApm.Service.SegmentReportService].
2021-01-24 01:37:24.365 -03:00 [Music_App] [Information] SkyApm.Service.CLRStatsService : Loaded instrument service [SkyApm.Service.CLRStatsService].
2021-01-24 01:37:24.365 -03:00 [Music_App] [Information] SkyApm.Sampling.SimpleCountSamplingInterceptor : Loaded instrument service [SkyApm.Sampling.SimpleCountSamplingInterceptor].
2021-01-24 01:37:24.365 -03:00 [Music_App] [Information] SkyApm.Transport.Grpc.ConnectService : Loaded instrument service [SkyApm.Transport.Grpc.ConnectService].
2021-01-24 01:37:24.489 -03:00 [Music_App] [Information] SkyApm.Diagnostics.TracingDiagnosticProcessorObserver : Loaded diagnostic listener [Microsoft.AspNetCore].
2021-01-24 01:37:24.490 -03:00 [Music_App] [Information] SkyApm.InstrumentStartup : Started SkyAPM .NET Core Agent.
2021-01-24 01:37:25.047 -03:00 [Music_App] [Information] SkyApm.Diagnostics.TracingDiagnosticProcessorObserver : Loaded diagnostic listener [HttpHandlerDiagnosticListener].
2021-01-24 01:37:34.679 -03:00 [Music_App] [Error] SkyApm.Transport.Grpc.ConnectionManager : Connect server timeout.
System.Threading.Tasks.TaskCanceledException: Reached deadline.
   at Grpc.Core.Channel.WaitForStateChangedAsync(ChannelState lastObservedState, Nullable`1 deadline)
   at Grpc.Core.Channel.ConnectAsync(Nullable`1 deadline)
   at SkyApm.Transport.Grpc.ConnectionManager.ConnectAsync()
2021-01-24 01:37:39.386 -03:00 [Music_App] [Information] SkyApm.Transport.Grpc.ConnectionManager : Shutdown connection[localhost:11800].
2021-01-24 01:37:49.389 -03:00 [Music_App] [Error] SkyApm.Transport.Grpc.ConnectionManager : Connect server timeout.
System.Threading.Tasks.TaskCanceledException: Reached deadline.
   at Grpc.Core.Channel.WaitForStateChangedAsync(ChannelState lastObservedState, Nullable`1 deadline)
   at Grpc.Core.Channel.ConnectAsync(Nullable`1 deadline)
   at SkyApm.Transport.Grpc.ConnectionManager.ConnectAsync()
2021-01-24 01:37:54.373 -03:00 [Music_App] [Information] SkyApm.Transport.Grpc.ConnectionManager : Shutdown connection[localhost:11800].
2021-01-24 01:38:04.376 -03:00 [Music_App] [Error] SkyApm.Transport.Grpc.ConnectionManager : Connect server timeout.
System.Threading.Tasks.TaskCanceledException: Reached deadline.
   at Grpc.Core.Channel.WaitForStateChangedAsync(ChannelState lastObservedState, Nullable`1 deadline)
   at Grpc.Core.Channel.ConnectAsync(Nullable`1 deadline)
   at SkyApm.Transport.Grpc.ConnectionManager.ConnectAsync()
2021-01-24 01:38:09.379 -03:00 [Music_App] [Information] SkyApm.Transport.Grpc.ConnectionManager : Shutdown connection[localhost:11800].
2021-01-24 01:38:19.382 -03:00 [Music_App] [Error] SkyApm.Transport.Grpc.ConnectionManager : Connect server timeout.
System.Threading.Tasks.TaskCanceledException: Reached deadline.
   at Grpc.Core.Channel.WaitForStateChangedAsync(ChannelState lastObservedState, Nullable`1 deadline)
   at Grpc.Core.Channel.ConnectAsync(Nullable`1 deadline)
   at SkyApm.Transport.Grpc.ConnectionManager.ConnectAsync()
2021-01-24 01:38:24.379 -03:00 [Music_App] [Information] SkyApm.Transport.Grpc.ConnectionManager : Shutdown connection[localhost:11800].
2021-01-24 01:38:34.383 -03:00 [Music_App] [Error] SkyApm.Transport.Grpc.ConnectionManager : Connect server timeout.
System.Threading.Tasks.TaskCanceledException: Reached deadline.
   at Grpc.Core.Channel.WaitForStateChangedAsync(ChannelState lastObservedState, Nullable`1 deadline)
   at Grpc.Core.Channel.ConnectAsync(Nullable`1 deadline)
   at SkyApm.Transport.Grpc.ConnectionManager.ConnectAsync()
2021-01-24 01:38:39.373 -03:00 [Music_App] [Information] SkyApm.Transport.Grpc.ConnectionManager : Shutdown connection[localhost:11800].
2021-01-24 01:38:49.378 -03:00 [Music_App] [Error] SkyApm.Transport.Grpc.ConnectionManager : Connect server timeout.
System.Threading.Tasks.TaskCanceledException: Reached deadline.
   at Grpc.Core.Channel.WaitForStateChangedAsync(ChannelState lastObservedState, Nullable`1 deadline)
   at Grpc.Core.Channel.ConnectAsync(Nullable`1 deadline)
   at SkyApm.Transport.Grpc.ConnectionManager.ConnectAsync()
2021-01-24 01:38:54.379 -03:00 [Music_App] [Information] SkyApm.Transport.Grpc.ConnectionManager : Shutdown connection[localhost:11800].
2021-01-24 01:38:56.756 -03:00 [Music_App] [Information] SkyApm.Diagnostics.TracingDiagnosticProcessorObserver : Loaded diagnostic listener [Microsoft.EntityFrameworkCore].
2021-01-24 01:39:04.383 -03:00 [Music_App] [Error] SkyApm.Transport.Grpc.ConnectionManager : Connect server timeout.
System.Threading.Tasks.TaskCanceledException: Reached deadline.
   at Grpc.Core.Channel.WaitForStateChangedAsync(ChannelState lastObservedState, Nullable`1 deadline)
   at Grpc.Core.Channel.ConnectAsync(Nullable`1 deadline)
   at SkyApm.Transport.Grpc.ConnectionManager.ConnectAsync()
2021-01-24 01:39:09.376 -03:00 [Music_App] [Information] SkyApm.Transport.Grpc.ConnectionManager : Shutdown connection[localhost:11800].
2021-01-24 01:39:19.379 -03:00 [Music_App] [Error] SkyApm.Transport.Grpc.ConnectionManager : Connect server timeout.
System.Threading.Tasks.TaskCanceledException: Reached deadline.
   at Grpc.Core.Channel.WaitForStateChangedAsync(ChannelState lastObservedState, Nullable`1 deadline)
   at Grpc.Core.Channel.ConnectAsync(Nullable`1 deadline)
   at SkyApm.Transport.Grpc.ConnectionManager.ConnectAsync()
2021-01-24 01:39:24.373 -03:00 [Music_App] [Information] SkyApm.Transport.Grpc.ConnectionManager : Shutdown connection[localhost:11800].
2021-01-24 01:39:34.376 -03:00 [Music_App] [Error] SkyApm.Transport.Grpc.ConnectionManager : Connect server timeout.
System.Threading.Tasks.TaskCanceledException: Reached deadline.
   at Grpc.Core.Channel.WaitForStateChangedAsync(ChannelState lastObservedState, Nullable`1 deadline)
   at Grpc.Core.Channel.ConnectAsync(Nullable`1 deadline)
   at SkyApm.Transport.Grpc.ConnectionManager.ConnectAsync()
2021-01-24 01:39:39.378 -03:00 [Music_App] [Information] SkyApm.Transport.Grpc.ConnectionManager : Shutdown connection[localhost:11800].
2021-01-24 01:39:49.381 -03:00 [Music_App] [Error] SkyApm.Transport.Grpc.ConnectionManager : Connect server timeout.
System.Threading.Tasks.TaskCanceledException: Reached deadline.
   at Grpc.Core.Channel.WaitForStateChangedAsync(ChannelState lastObservedState, Nullable`1 deadline)
   at Grpc.Core.Channel.ConnectAsync(Nullable`1 deadline)
   at SkyApm.Transport.Grpc.ConnectionManager.ConnectAsync()
2021-01-24 01:39:54.373 -03:00 [Music_App] [Information] SkyApm.Transport.Grpc.ConnectionManager : Shutdown connection[localhost:11800].
2021-01-24 01:40:04.377 -03:00 [Music_App] [Error] SkyApm.Transport.Grpc.ConnectionManager : Connect server timeout.
System.Threading.Tasks.TaskCanceledException: Reached deadline.
   at Grpc.Core.Channel.WaitForStateChangedAsync(ChannelState lastObservedState, Nullable`1 deadline)
   at Grpc.Core.Channel.ConnectAsync(Nullable`1 deadline)
   at SkyApm.Transport.Grpc.ConnectionManager.ConnectAsync()
2021-01-24 01:40:09.366 -03:00 [Music_App] [Information] SkyApm.Transport.Grpc.ConnectionManager : Shutdown connection[localhost:11800].
2021-01-24 01:40:19.369 -03:00 [Music_App] [Error] SkyApm.Transport.Grpc.ConnectionManager : Connect server timeout.
System.Threading.Tasks.TaskCanceledException: Reached deadline.
   at Grpc.Core.Channel.WaitForStateChangedAsync(ChannelState lastObservedState, Nullable`1 deadline)
   at Grpc.Core.Channel.ConnectAsync(Nullable`1 deadline)
   at SkyApm.Transport.Grpc.ConnectionManager.ConnectAsync()
2021-01-24 01:40:24.373 -03:00 [Music_App] [Information] SkyApm.Transport.Grpc.ConnectionManager : Shutdown connection[localhost:11800].
2021-01-24 01:40:34.377 -03:00 [Music_App] [Error] SkyApm.Transport.Grpc.ConnectionManager : Connect server timeout.
System.Threading.Tasks.TaskCanceledException: Reached deadline.
   at Grpc.Core.Channel.WaitForStateChangedAsync(ChannelState lastObservedState, Nullable`1 deadline)
   at Grpc.Core.Channel.ConnectAsync(Nullable`1 deadline)
   at SkyApm.Transport.Grpc.ConnectionManager.ConnectAsync()
2021-01-24 01:40:39.373 -03:00 [Music_App] [Information] SkyApm.Transport.Grpc.ConnectionManager : Shutdown connection[localhost:11800].
2021-01-24 01:41:49.938 -03:00 [Music_App] [Information] SkyApm.InstrumentStartup : Initializing ...
2021-01-24 01:41:49.979 -03:00 [Music_App] [Information] SkyApm.Service.RegisterService : Loaded instrument service [SkyApm.Service.RegisterService].
2021-01-24 01:41:49.980 -03:00 [Music_App] [Information] SkyApm.Service.PingService : Loaded instrument service [SkyApm.Service.PingService].
2021-01-24 01:41:49.980 -03:00 [Music_App] [Information] SkyApm.Service.SegmentReportService : Loaded instrument service [SkyApm.Service.SegmentReportService].
2021-01-24 01:41:49.980 -03:00 [Music_App] [Information] SkyApm.Service.CLRStatsService : Loaded instrument service [SkyApm.Service.CLRStatsService].
2021-01-24 01:41:49.980 -03:00 [Music_App] [Information] SkyApm.Sampling.SimpleCountSamplingInterceptor : Loaded instrument service [SkyApm.Sampling.SimpleCountSamplingInterceptor].
2021-01-24 01:41:49.981 -03:00 [Music_App] [Information] SkyApm.Transport.Grpc.ConnectService : Loaded instrument service [SkyApm.Transport.Grpc.ConnectService].
2021-01-24 01:41:50.046 -03:00 [Music_App] [Information] SkyApm.Diagnostics.TracingDiagnosticProcessorObserver : Loaded diagnostic listener [Microsoft.AspNetCore].
2021-01-24 01:41:50.047 -03:00 [Music_App] [Information] SkyApm.InstrumentStartup : Started SkyAPM .NET Core Agent.
2021-01-24 01:42:00.145 -03:00 [Music_App] [Error] SkyApm.Transport.Grpc.ConnectionManager : Connect server timeout.
System.Threading.Tasks.TaskCanceledException: Reached deadline.
   at Grpc.Core.Channel.WaitForStateChangedAsync(ChannelState lastObservedState, Nullable`1 deadline)
   at Grpc.Core.Channel.ConnectAsync(Nullable`1 deadline)
   at SkyApm.Transport.Grpc.ConnectionManager.ConnectAsync()
2021-01-24 01:42:04.989 -03:00 [Music_App] [Information] SkyApm.Transport.Grpc.ConnectionManager : Shutdown connection[localhost:11800].
2021-01-24 01:42:14.992 -03:00 [Music_App] [Error] SkyApm.Transport.Grpc.ConnectionManager : Connect server timeout.
System.Threading.Tasks.TaskCanceledException: Reached deadline.
   at Grpc.Core.Channel.WaitForStateChangedAsync(ChannelState lastObservedState, Nullable`1 deadline)
   at Grpc.Core.Channel.ConnectAsync(Nullable`1 deadline)
   at SkyApm.Transport.Grpc.ConnectionManager.ConnectAsync()
2021-01-24 01:42:19.986 -03:00 [Music_App] [Information] SkyApm.Transport.Grpc.ConnectionManager : Shutdown connection[localhost:11800].
2021-01-24 01:42:29.990 -03:00 [Music_App] [Error] SkyApm.Transport.Grpc.ConnectionManager : Connect server timeout.
System.Threading.Tasks.TaskCanceledException: Reached deadline.
   at Grpc.Core.Channel.WaitForStateChangedAsync(ChannelState lastObservedState, Nullable`1 deadline)
   at Grpc.Core.Channel.ConnectAsync(Nullable`1 deadline)
   at SkyApm.Transport.Grpc.ConnectionManager.ConnectAsync()
2021-01-24 01:42:34.990 -03:00 [Music_App] [Information] SkyApm.Transport.Grpc.ConnectionManager : Shutdown connection[localhost:11800].
2021-01-24 01:42:44.993 -03:00 [Music_App] [Error] SkyApm.Transport.Grpc.ConnectionManager : Connect server timeout.
System.Threading.Tasks.TaskCanceledException: Reached deadline.
   at Grpc.Core.Channel.WaitForStateChangedAsync(ChannelState lastObservedState, Nullable`1 deadline)
   at Grpc.Core.Channel.ConnectAsync(Nullable`1 deadline)
   at SkyApm.Transport.Grpc.ConnectionManager.ConnectAsync()
2021-01-24 01:42:49.984 -03:00 [Music_App] [Information] SkyApm.Transport.Grpc.ConnectionManager : Shutdown connection[localhost:11800].
2021-01-24 01:42:59.986 -03:00 [Music_App] [Error] SkyApm.Transport.Grpc.ConnectionManager : Connect server timeout.
System.Threading.Tasks.TaskCanceledException: Reached deadline.
   at Grpc.Core.Channel.WaitForStateChangedAsync(ChannelState lastObservedState, Nullable`1 deadline)
   at Grpc.Core.Channel.ConnectAsync(Nullable`1 deadline)
   at SkyApm.Transport.Grpc.ConnectionManager.ConnectAsync()
2021-01-24 01:43:04.983 -03:00 [Music_App] [Information] SkyApm.Transport.Grpc.ConnectionManager : Shutdown connection[localhost:11800].
2021-01-24 01:43:14.986 -03:00 [Music_App] [Error] SkyApm.Transport.Grpc.ConnectionManager : Connect server timeout.
System.Threading.Tasks.TaskCanceledException: Reached deadline.
   at Grpc.Core.Channel.WaitForStateChangedAsync(ChannelState lastObservedState, Nullable`1 deadline)
   at Grpc.Core.Channel.ConnectAsync(Nullable`1 deadline)
   at SkyApm.Transport.Grpc.ConnectionManager.ConnectAsync()
2021-01-24 01:43:19.990 -03:00 [Music_App] [Information] SkyApm.Transport.Grpc.ConnectionManager : Shutdown connection[localhost:11800].
2021-01-24 01:43:29.994 -03:00 [Music_App] [Error] SkyApm.Transport.Grpc.ConnectionManager : Connect server timeout.
System.Threading.Tasks.TaskCanceledException: Reached deadline.
   at Grpc.Core.Channel.WaitForStateChangedAsync(ChannelState lastObservedState, Nullable`1 deadline)
   at Grpc.Core.Channel.ConnectAsync(Nullable`1 deadline)
   at SkyApm.Transport.Grpc.ConnectionManager.ConnectAsync()
2021-01-24 01:43:34.991 -03:00 [Music_App] [Information] SkyApm.Transport.Grpc.ConnectionManager : Shutdown connection[localhost:11800].
2021-01-24 01:43:44.993 -03:00 [Music_App] [Error] SkyApm.Transport.Grpc.ConnectionManager : Connect server timeout.
System.Threading.Tasks.TaskCanceledException: Reached deadline.
   at Grpc.Core.Channel.WaitForStateChangedAsync(ChannelState lastObservedState, Nullable`1 deadline)
   at Grpc.Core.Channel.ConnectAsync(Nullable`1 deadline)
   at SkyApm.Transport.Grpc.ConnectionManager.ConnectAsync()
2021-01-24 01:43:49.984 -03:00 [Music_App] [Information] SkyApm.Transport.Grpc.ConnectionManager : Shutdown connection[localhost:11800].
2021-01-24 01:43:59.986 -03:00 [Music_App] [Error] SkyApm.Transport.Grpc.ConnectionManager : Connect server timeout.
System.Threading.Tasks.TaskCanceledException: Reached deadline.
   at Grpc.Core.Channel.WaitForStateChangedAsync(ChannelState lastObservedState, Nullable`1 deadline)
   at Grpc.Core.Channel.ConnectAsync(Nullable`1 deadline)
   at SkyApm.Transport.Grpc.ConnectionManager.ConnectAsync()
2021-01-24 01:44:04.994 -03:00 [Music_App] [Information] SkyApm.Transport.Grpc.ConnectionManager : Shutdown connection[localhost:11800].
2021-01-24 01:44:14.997 -03:00 [Music_App] [Error] SkyApm.Transport.Grpc.ConnectionManager : Connect server timeout.
System.Threading.Tasks.TaskCanceledException: Reached deadline.
   at Grpc.Core.Channel.WaitForStateChangedAsync(ChannelState lastObservedState, Nullable`1 deadline)
   at Grpc.Core.Channel.ConnectAsync(Nullable`1 deadline)
   at SkyApm.Transport.Grpc.ConnectionManager.ConnectAsync()
2021-01-24 01:44:19.991 -03:00 [Music_App] [Information] SkyApm.Transport.Grpc.ConnectionManager : Shutdown connection[localhost:11800].
2021-01-24 01:44:29.994 -03:00 [Music_App] [Error] SkyApm.Transport.Grpc.ConnectionManager : Connect server timeout.
System.Threading.Tasks.TaskCanceledException: Reached deadline.
   at Grpc.Core.Channel.WaitForStateChangedAsync(ChannelState lastObservedState, Nullable`1 deadline)
   at Grpc.Core.Channel.ConnectAsync(Nullable`1 deadline)
   at SkyApm.Transport.Grpc.ConnectionManager.ConnectAsync()
2021-01-24 01:44:34.985 -03:00 [Music_App] [Information] SkyApm.Transport.Grpc.ConnectionManager : Shutdown connection[localhost:11800].
2021-01-24 01:44:44.988 -03:00 [Music_App] [Error] SkyApm.Transport.Grpc.ConnectionManager : Connect server timeout.
System.Threading.Tasks.TaskCanceledException: Reached deadline.
   at Grpc.Core.Channel.WaitForStateChangedAsync(ChannelState lastObservedState, Nullable`1 deadline)
   at Grpc.Core.Channel.ConnectAsync(Nullable`1 deadline)
   at SkyApm.Transport.Grpc.ConnectionManager.ConnectAsync()
2021-01-24 01:44:49.989 -03:00 [Music_App] [Information] SkyApm.Transport.Grpc.ConnectionManager : Shutdown connection[localhost:11800].
2021-01-24 01:44:59.999 -03:00 [Music_App] [Error] SkyApm.Transport.Grpc.ConnectionManager : Connect server timeout.
System.Threading.Tasks.TaskCanceledException: Reached deadline.
   at Grpc.Core.Channel.WaitForStateChangedAsync(ChannelState lastObservedState, Nullable`1 deadline)
   at Grpc.Core.Channel.ConnectAsync(Nullable`1 deadline)
   at SkyApm.Transport.Grpc.ConnectionManager.ConnectAsync()
2021-01-24 01:45:04.987 -03:00 [Music_App] [Information] SkyApm.Transport.Grpc.ConnectionManager : Shutdown connection[localhost:11800].
2021-01-24 01:45:14.990 -03:00 [Music_App] [Error] SkyApm.Transport.Grpc.ConnectionManager : Connect server timeout.
System.Threading.Tasks.TaskCanceledException: Reached deadline.
   at Grpc.Core.Channel.WaitForStateChangedAsync(ChannelState lastObservedState, Nullable`1 deadline)
   at Grpc.Core.Channel.ConnectAsync(Nullable`1 deadline)
   at SkyApm.Transport.Grpc.ConnectionManager.ConnectAsync()
2021-01-24 01:45:19.984 -03:00 [Music_App] [Information] SkyApm.Transport.Grpc.ConnectionManager : Shutdown connection[localhost:11800].
2021-01-24 01:45:29.987 -03:00 [Music_App] [Error] SkyApm.Transport.Grpc.ConnectionManager : Connect server timeout.
System.Threading.Tasks.TaskCanceledException: Reached deadline.
   at Grpc.Core.Channel.WaitForStateChangedAsync(ChannelState lastObservedState, Nullable`1 deadline)
   at Grpc.Core.Channel.ConnectAsync(Nullable`1 deadline)
   at SkyApm.Transport.Grpc.ConnectionManager.ConnectAsync()
2021-01-24 01:45:34.994 -03:00 [Music_App] [Information] SkyApm.Transport.Grpc.ConnectionManager : Shutdown connection[localhost:11800].
2021-01-24 01:45:44.998 -03:00 [Music_App] [Error] SkyApm.Transport.Grpc.ConnectionManager : Connect server timeout.
System.Threading.Tasks.TaskCanceledException: Reached deadline.
   at Grpc.Core.Channel.WaitForStateChangedAsync(ChannelState lastObservedState, Nullable`1 deadline)
   at Grpc.Core.Channel.ConnectAsync(Nullable`1 deadline)
   at SkyApm.Transport.Grpc.ConnectionManager.ConnectAsync()
2021-01-24 01:45:49.991 -03:00 [Music_App] [Information] SkyApm.Transport.Grpc.ConnectionManager : Shutdown connection[localhost:11800].
2021-01-24 01:45:59.995 -03:00 [Music_App] [Error] SkyApm.Transport.Grpc.ConnectionManager : Connect server timeout.
System.Threading.Tasks.TaskCanceledException: Reached deadline.
   at Grpc.Core.Channel.WaitForStateChangedAsync(ChannelState lastObservedState, Nullable`1 deadline)
   at Grpc.Core.Channel.ConnectAsync(Nullable`1 deadline)
   at SkyApm.Transport.Grpc.ConnectionManager.ConnectAsync()
2021-01-24 01:46:04.985 -03:00 [Music_App] [Information] SkyApm.Transport.Grpc.ConnectionManager : Shutdown connection[localhost:11800].
2021-01-24 01:46:14.988 -03:00 [Music_App] [Error] SkyApm.Transport.Grpc.ConnectionManager : Connect server timeout.
System.Threading.Tasks.TaskCanceledException: Reached deadline.
   at Grpc.Core.Channel.WaitForStateChangedAsync(ChannelState lastObservedState, Nullable`1 deadline)
   at Grpc.Core.Channel.ConnectAsync(Nullable`1 deadline)
   at SkyApm.Transport.Grpc.ConnectionManager.ConnectAsync()
2021-01-24 01:46:19.991 -03:00 [Music_App] [Information] SkyApm.Transport.Grpc.ConnectionManager : Shutdown connection[localhost:11800].
2021-01-24 01:46:30.011 -03:00 [Music_App] [Error] SkyApm.Transport.Grpc.ConnectionManager : Connect server timeout.
System.Threading.Tasks.TaskCanceledException: Reached deadline.
   at Grpc.Core.Channel.WaitForStateChangedAsync(ChannelState lastObservedState, Nullable`1 deadline)
   at Grpc.Core.Channel.ConnectAsync(Nullable`1 deadline)
   at SkyApm.Transport.Grpc.ConnectionManager.ConnectAsync()
2021-01-24 01:46:34.993 -03:00 [Music_App] [Information] SkyApm.Transport.Grpc.ConnectionManager : Shutdown connection[localhost:11800].
2021-01-24 01:46:44.996 -03:00 [Music_App] [Error] SkyApm.Transport.Grpc.ConnectionManager : Connect server timeout.
System.Threading.Tasks.TaskCanceledException: Reached deadline.
   at Grpc.Core.Channel.WaitForStateChangedAsync(ChannelState lastObservedState, Nullable`1 deadline)
   at Grpc.Core.Channel.ConnectAsync(Nullable`1 deadline)
   at SkyApm.Transport.Grpc.ConnectionManager.ConnectAsync()
2021-01-24 01:46:49.993 -03:00 [Music_App] [Information] SkyApm.Transport.Grpc.ConnectionManager : Shutdown connection[localhost:11800].
2021-01-24 01:46:59.996 -03:00 [Music_App] [Error] SkyApm.Transport.Grpc.ConnectionManager : Connect server timeout.
System.Threading.Tasks.TaskCanceledException: Reached deadline.
   at Grpc.Core.Channel.WaitForStateChangedAsync(ChannelState lastObservedState, Nullable`1 deadline)
   at Grpc.Core.Channel.ConnectAsync(Nullable`1 deadline)
   at SkyApm.Transport.Grpc.ConnectionManager.ConnectAsync()
2021-01-24 01:47:04.982 -03:00 [Music_App] [Information] SkyApm.Transport.Grpc.ConnectionManager : Shutdown connection[localhost:11800].
2021-01-24 01:47:14.985 -03:00 [Music_App] [Error] SkyApm.Transport.Grpc.ConnectionManager : Connect server timeout.
System.Threading.Tasks.TaskCanceledException: Reached deadline.
   at Grpc.Core.Channel.WaitForStateChangedAsync(ChannelState lastObservedState, Nullable`1 deadline)
   at Grpc.Core.Channel.ConnectAsync(Nullable`1 deadline)
   at SkyApm.Transport.Grpc.ConnectionManager.ConnectAsync()
2021-01-24 01:47:19.989 -03:00 [Music_App] [Information] SkyApm.Transport.Grpc.ConnectionManager : Shutdown connection[localhost:11800].
2021-01-24 01:47:29.991 -03:00 [Music_App] [Error] SkyApm.Transport.Grpc.ConnectionManager : Connect server timeout.
System.Threading.Tasks.TaskCanceledException: Reached deadline.
   at Grpc.Core.Channel.WaitForStateChangedAsync(ChannelState lastObservedState, Nullable`1 deadline)
   at Grpc.Core.Channel.ConnectAsync(Nullable`1 deadline)
   at SkyApm.Transport.Grpc.ConnectionManager.ConnectAsync()
2021-01-24 01:47:34.993 -03:00 [Music_App] [Information] SkyApm.Transport.Grpc.ConnectionManager : Shutdown connection[localhost:11800].
2021-01-24 01:47:44.996 -03:00 [Music_App] [Error] SkyApm.Transport.Grpc.ConnectionManager : Connect server timeout.
System.Threading.Tasks.TaskCanceledException: Reached deadline.
   at Grpc.Core.Channel.WaitForStateChangedAsync(ChannelState lastObservedState, Nullable`1 deadline)
   at Grpc.Core.Channel.ConnectAsync(Nullable`1 deadline)
   at SkyApm.Transport.Grpc.ConnectionManager.ConnectAsync()
2021-01-24 01:47:49.992 -03:00 [Music_App] [Information] SkyApm.Transport.Grpc.ConnectionManager : Shutdown connection[localhost:11800].
2021-01-24 01:47:59.995 -03:00 [Music_App] [Error] SkyApm.Transport.Grpc.ConnectionManager : Connect server timeout.
System.Threading.Tasks.TaskCanceledException: Reached deadline.
   at Grpc.Core.Channel.WaitForStateChangedAsync(ChannelState lastObservedState, Nullable`1 deadline)
   at Grpc.Core.Channel.ConnectAsync(Nullable`1 deadline)
   at SkyApm.Transport.Grpc.ConnectionManager.ConnectAsync()
2021-01-24 01:48:04.992 -03:00 [Music_App] [Information] SkyApm.Transport.Grpc.ConnectionManager : Shutdown connection[localhost:11800].
2021-01-24 01:48:14.995 -03:00 [Music_App] [Error] SkyApm.Transport.Grpc.ConnectionManager : Connect server timeout.
System.Threading.Tasks.TaskCanceledException: Reached deadline.
   at Grpc.Core.Channel.WaitForStateChangedAsync(ChannelState lastObservedState, Nullable`1 deadline)
   at Grpc.Core.Channel.ConnectAsync(Nullable`1 deadline)
   at SkyApm.Transport.Grpc.ConnectionManager.ConnectAsync()
2021-01-24 01:48:19.983 -03:00 [Music_App] [Information] SkyApm.Transport.Grpc.ConnectionManager : Shutdown connection[localhost:11800].
2021-01-24 01:48:29.986 -03:00 [Music_App] [Error] SkyApm.Transport.Grpc.ConnectionManager : Connect server timeout.
System.Threading.Tasks.TaskCanceledException: Reached deadline.
   at Grpc.Core.Channel.WaitForStateChangedAsync(ChannelState lastObservedState, Nullable`1 deadline)
   at Grpc.Core.Channel.ConnectAsync(Nullable`1 deadline)
   at SkyApm.Transport.Grpc.ConnectionManager.ConnectAsync()
2021-01-24 01:48:34.984 -03:00 [Music_App] [Information] SkyApm.Transport.Grpc.ConnectionManager : Shutdown connection[localhost:11800].
2021-01-24 01:48:44.987 -03:00 [Music_App] [Error] SkyApm.Transport.Grpc.ConnectionManager : Connect server timeout.
System.Threading.Tasks.TaskCanceledException: Reached deadline.
   at Grpc.Core.Channel.WaitForStateChangedAsync(ChannelState lastObservedState, Nullable`1 deadline)
   at Grpc.Core.Channel.ConnectAsync(Nullable`1 deadline)
   at SkyApm.Transport.Grpc.ConnectionManager.ConnectAsync()
2021-01-24 01:48:49.992 -03:00 [Music_App] [Information] SkyApm.Transport.Grpc.ConnectionManager : Shutdown connection[localhost:11800].
2021-01-24 01:48:59.995 -03:00 [Music_App] [Error] SkyApm.Transport.Grpc.ConnectionManager : Connect server timeout.
System.Threading.Tasks.TaskCanceledException: Reached deadline.
   at Grpc.Core.Channel.WaitForStateChangedAsync(ChannelState lastObservedState, Nullable`1 deadline)
   at Grpc.Core.Channel.ConnectAsync(Nullable`1 deadline)
   at SkyApm.Transport.Grpc.ConnectionManager.ConnectAsync()
2021-01-24 01:49:04.984 -03:00 [Music_App] [Information] SkyApm.Transport.Grpc.ConnectionManager : Shutdown connection[localhost:11800].
2021-01-24 01:49:14.986 -03:00 [Music_App] [Error] SkyApm.Transport.Grpc.ConnectionManager : Connect server timeout.
System.Threading.Tasks.TaskCanceledException: Reached deadline.
   at Grpc.Core.Channel.WaitForStateChangedAsync(ChannelState lastObservedState, Nullable`1 deadline)
   at Grpc.Core.Channel.ConnectAsync(Nullable`1 deadline)
   at SkyApm.Transport.Grpc.ConnectionManager.ConnectAsync()
2021-01-24 01:49:19.989 -03:00 [Music_App] [Information] SkyApm.Transport.Grpc.ConnectionManager : Shutdown connection[localhost:11800].
2021-01-24 01:49:29.992 -03:00 [Music_App] [Error] SkyApm.Transport.Grpc.ConnectionManager : Connect server timeout.
System.Threading.Tasks.TaskCanceledException: Reached deadline.
   at Grpc.Core.Channel.WaitForStateChangedAsync(ChannelState lastObservedState, Nullable`1 deadline)
   at Grpc.Core.Channel.ConnectAsync(Nullable`1 deadline)
   at SkyApm.Transport.Grpc.ConnectionManager.ConnectAsync()
2021-01-24 01:49:34.984 -03:00 [Music_App] [Information] SkyApm.Transport.Grpc.ConnectionManager : Shutdown connection[localhost:11800].
2021-01-24 01:49:44.987 -03:00 [Music_App] [Error] SkyApm.Transport.Grpc.ConnectionManager : Connect server timeout.
System.Threading.Tasks.TaskCanceledException: Reached deadline.
   at Grpc.Core.Channel.WaitForStateChangedAsync(ChannelState lastObservedState, Nullable`1 deadline)
   at Grpc.Core.Channel.ConnectAsync(Nullable`1 deadline)
   at SkyApm.Transport.Grpc.ConnectionManager.ConnectAsync()
2021-01-24 01:49:49.986 -03:00 [Music_App] [Information] SkyApm.Transport.Grpc.ConnectionManager : Shutdown connection[localhost:11800].
2021-01-24 01:49:59.990 -03:00 [Music_App] [Error] SkyApm.Transport.Grpc.ConnectionManager : Connect server timeout.
System.Threading.Tasks.TaskCanceledException: Reached deadline.
   at Grpc.Core.Channel.WaitForStateChangedAsync(ChannelState lastObservedState, Nullable`1 deadline)
   at Grpc.Core.Channel.ConnectAsync(Nullable`1 deadline)
   at SkyApm.Transport.Grpc.ConnectionManager.ConnectAsync()
2021-01-24 01:50:04.993 -03:00 [Music_App] [Information] SkyApm.Transport.Grpc.ConnectionManager : Shutdown connection[localhost:11800].
2021-01-24 01:50:14.996 -03:00 [Music_App] [Error] SkyApm.Transport.Grpc.ConnectionManager : Connect server timeout.
System.Threading.Tasks.TaskCanceledException: Reached deadline.
   at Grpc.Core.Channel.WaitForStateChangedAsync(ChannelState lastObservedState, Nullable`1 deadline)
   at Grpc.Core.Channel.ConnectAsync(Nullable`1 deadline)
   at SkyApm.Transport.Grpc.ConnectionManager.ConnectAsync()
2021-01-24 01:50:19.983 -03:00 [Music_App] [Information] SkyApm.Transport.Grpc.ConnectionManager : Shutdown connection[localhost:11800].
2021-01-24 01:50:29.986 -03:00 [Music_App] [Error] SkyApm.Transport.Grpc.ConnectionManager : Connect server timeout.
System.Threading.Tasks.TaskCanceledException: Reached deadline.
   at Grpc.Core.Channel.WaitForStateChangedAsync(ChannelState lastObservedState, Nullable`1 deadline)
   at Grpc.Core.Channel.ConnectAsync(Nullable`1 deadline)
   at SkyApm.Transport.Grpc.ConnectionManager.ConnectAsync()
2021-01-24 01:50:34.985 -03:00 [Music_App] [Information] SkyApm.Transport.Grpc.ConnectionManager : Shutdown connection[localhost:11800].
2021-01-24 01:50:44.987 -03:00 [Music_App] [Error] SkyApm.Transport.Grpc.ConnectionManager : Connect server timeout.
System.Threading.Tasks.TaskCanceledException: Reached deadline.
   at Grpc.Core.Channel.WaitForStateChangedAsync(ChannelState lastObservedState, Nullable`1 deadline)
   at Grpc.Core.Channel.ConnectAsync(Nullable`1 deadline)
   at SkyApm.Transport.Grpc.ConnectionManager.ConnectAsync()
2021-01-24 01:50:49.992 -03:00 [Music_App] [Information] SkyApm.Transport.Grpc.ConnectionManager : Shutdown connection[localhost:11800].
2021-01-24 01:50:59.995 -03:00 [Music_App] [Error] SkyApm.Transport.Grpc.ConnectionManager : Connect server timeout.
System.Threading.Tasks.TaskCanceledException: Reached deadline.
   at Grpc.Core.Channel.WaitForStateChangedAsync(ChannelState lastObservedState, Nullable`1 deadline)
   at Grpc.Core.Channel.ConnectAsync(Nullable`1 deadline)
   at SkyApm.Transport.Grpc.ConnectionManager.ConnectAsync()
2021-01-24 01:51:04.994 -03:00 [Music_App] [Information] SkyApm.Transport.Grpc.ConnectionManager : Shutdown connection[localhost:11800].
2021-01-24 01:51:14.997 -03:00 [Music_App] [Error] SkyApm.Transport.Grpc.ConnectionManager : Connect server timeout.
System.Threading.Tasks.TaskCanceledException: Reached deadline.
   at Grpc.Core.Channel.WaitForStateChangedAsync(ChannelState lastObservedState, Nullable`1 deadline)
   at Grpc.Core.Channel.ConnectAsync(Nullable`1 deadline)
   at SkyApm.Transport.Grpc.ConnectionManager.ConnectAsync()
2021-01-24 01:51:19.983 -03:00 [Music_App] [Information] SkyApm.Transport.Grpc.ConnectionManager : Shutdown connection[localhost:11800].
2021-01-24 01:51:29.985 -03:00 [Music_App] [Error] SkyApm.Transport.Grpc.ConnectionManager : Connect server timeout.
System.Threading.Tasks.TaskCanceledException: Reached deadline.
   at Grpc.Core.Channel.WaitForStateChangedAsync(ChannelState lastObservedState, Nullable`1 deadline)
   at Grpc.Core.Channel.ConnectAsync(Nullable`1 deadline)
   at SkyApm.Transport.Grpc.ConnectionManager.ConnectAsync()
2021-01-24 01:51:34.987 -03:00 [Music_App] [Information] SkyApm.Transport.Grpc.ConnectionManager : Shutdown connection[localhost:11800].
2021-01-24 01:51:44.990 -03:00 [Music_App] [Error] SkyApm.Transport.Grpc.ConnectionManager : Connect server timeout.
System.Threading.Tasks.TaskCanceledException: Reached deadline.
   at Grpc.Core.Channel.WaitForStateChangedAsync(ChannelState lastObservedState, Nullable`1 deadline)
   at Grpc.Core.Channel.ConnectAsync(Nullable`1 deadline)
   at SkyApm.Transport.Grpc.ConnectionManager.ConnectAsync()
2021-01-24 01:51:49.994 -03:00 [Music_App] [Information] SkyApm.Transport.Grpc.ConnectionManager : Shutdown connection[localhost:11800].
2021-01-24 01:51:59.996 -03:00 [Music_App] [Error] SkyApm.Transport.Grpc.ConnectionManager : Connect server timeout.
System.Threading.Tasks.TaskCanceledException: Reached deadline.
   at Grpc.Core.Channel.WaitForStateChangedAsync(ChannelState lastObservedState, Nullable`1 deadline)
   at Grpc.Core.Channel.ConnectAsync(Nullable`1 deadline)
   at SkyApm.Transport.Grpc.ConnectionManager.ConnectAsync()
2021-01-24 01:52:04.982 -03:00 [Music_App] [Information] SkyApm.Transport.Grpc.ConnectionManager : Shutdown connection[localhost:11800].
2021-01-24 01:52:14.985 -03:00 [Music_App] [Error] SkyApm.Transport.Grpc.ConnectionManager : Connect server timeout.
System.Threading.Tasks.TaskCanceledException: Reached deadline.
   at Grpc.Core.Channel.WaitForStateChangedAsync(ChannelState lastObservedState, Nullable`1 deadline)
   at Grpc.Core.Channel.ConnectAsync(Nullable`1 deadline)
   at SkyApm.Transport.Grpc.ConnectionManager.ConnectAsync()
2021-01-24 01:52:19.988 -03:00 [Music_App] [Information] SkyApm.Transport.Grpc.ConnectionManager : Shutdown connection[localhost:11800].
2021-01-24 01:52:29.991 -03:00 [Music_App] [Error] SkyApm.Transport.Grpc.ConnectionManager : Connect server timeout.
System.Threading.Tasks.TaskCanceledException: Reached deadline.
   at Grpc.Core.Channel.WaitForStateChangedAsync(ChannelState lastObservedState, Nullable`1 deadline)
   at Grpc.Core.Channel.ConnectAsync(Nullable`1 deadline)
   at SkyApm.Transport.Grpc.ConnectionManager.ConnectAsync()
2021-01-24 01:52:34.985 -03:00 [Music_App] [Information] SkyApm.Transport.Grpc.ConnectionManager : Shutdown connection[localhost:11800].
2021-01-24 01:52:44.987 -03:00 [Music_App] [Error] SkyApm.Transport.Grpc.ConnectionManager : Connect server timeout.
System.Threading.Tasks.TaskCanceledException: Reached deadline.
   at Grpc.Core.Channel.WaitForStateChangedAsync(ChannelState lastObservedState, Nullable`1 deadline)
   at Grpc.Core.Channel.ConnectAsync(Nullable`1 deadline)
   at SkyApm.Transport.Grpc.ConnectionManager.ConnectAsync()
2021-01-24 01:52:49.995 -03:00 [Music_App] [Information] SkyApm.Transport.Grpc.ConnectionManager : Shutdown connection[localhost:11800].
2021-01-24 01:53:00.000 -03:00 [Music_App] [Error] SkyApm.Transport.Grpc.ConnectionManager : Connect server timeout.
System.Threading.Tasks.TaskCanceledException: Reached deadline.
   at Grpc.Core.Channel.WaitForStateChangedAsync(ChannelState lastObservedState, Nullable`1 deadline)
   at Grpc.Core.Channel.ConnectAsync(Nullable`1 deadline)
   at SkyApm.Transport.Grpc.ConnectionManager.ConnectAsync()
2021-01-24 01:53:04.987 -03:00 [Music_App] [Information] SkyApm.Transport.Grpc.ConnectionManager : Shutdown connection[localhost:11800].
2021-01-24 01:53:14.990 -03:00 [Music_App] [Error] SkyApm.Transport.Grpc.ConnectionManager : Connect server timeout.
System.Threading.Tasks.TaskCanceledException: Reached deadline.
   at Grpc.Core.Channel.WaitForStateChangedAsync(ChannelState lastObservedState, Nullable`1 deadline)
   at Grpc.Core.Channel.ConnectAsync(Nullable`1 deadline)
   at SkyApm.Transport.Grpc.ConnectionManager.ConnectAsync()
2021-01-24 01:53:19.987 -03:00 [Music_App] [Information] SkyApm.Transport.Grpc.ConnectionManager : Shutdown connection[localhost:11800].
2021-01-24 01:53:29.989 -03:00 [Music_App] [Error] SkyApm.Transport.Grpc.ConnectionManager : Connect server timeout.
System.Threading.Tasks.TaskCanceledException: Reached deadline.
   at Grpc.Core.Channel.WaitForStateChangedAsync(ChannelState lastObservedState, Nullable`1 deadline)
   at Grpc.Core.Channel.ConnectAsync(Nullable`1 deadline)
   at SkyApm.Transport.Grpc.ConnectionManager.ConnectAsync()
2021-01-24 01:53:34.986 -03:00 [Music_App] [Information] SkyApm.Transport.Grpc.ConnectionManager : Shutdown connection[localhost:11800].
2021-01-24 01:53:44.987 -03:00 [Music_App] [Error] SkyApm.Transport.Grpc.ConnectionManager : Connect server timeout.
System.Threading.Tasks.TaskCanceledException: Reached deadline.
   at Grpc.Core.Channel.WaitForStateChangedAsync(ChannelState lastObservedState, Nullable`1 deadline)
   at Grpc.Core.Channel.ConnectAsync(Nullable`1 deadline)
   at SkyApm.Transport.Grpc.ConnectionManager.ConnectAsync()
2021-01-24 01:53:49.986 -03:00 [Music_App] [Information] SkyApm.Transport.Grpc.ConnectionManager : Shutdown connection[localhost:11800].
2021-01-24 01:53:59.989 -03:00 [Music_App] [Error] SkyApm.Transport.Grpc.ConnectionManager : Connect server timeout.
System.Threading.Tasks.TaskCanceledException: Reached deadline.
   at Grpc.Core.Channel.WaitForStateChangedAsync(ChannelState lastObservedState, Nullable`1 deadline)
   at Grpc.Core.Channel.ConnectAsync(Nullable`1 deadline)
   at SkyApm.Transport.Grpc.ConnectionManager.ConnectAsync()
2021-01-24 01:54:04.991 -03:00 [Music_App] [Information] SkyApm.Transport.Grpc.ConnectionManager : Shutdown connection[localhost:11800].
2021-01-24 01:54:14.995 -03:00 [Music_App] [Error] SkyApm.Transport.Grpc.ConnectionManager : Connect server timeout.
System.Threading.Tasks.TaskCanceledException: Reached deadline.
   at Grpc.Core.Channel.WaitForStateChangedAsync(ChannelState lastObservedState, Nullable`1 deadline)
   at Grpc.Core.Channel.ConnectAsync(Nullable`1 deadline)
   at SkyApm.Transport.Grpc.ConnectionManager.ConnectAsync()
2021-01-24 01:54:19.988 -03:00 [Music_App] [Information] SkyApm.Transport.Grpc.ConnectionManager : Shutdown connection[localhost:11800].
2021-01-24 01:54:29.991 -03:00 [Music_App] [Error] SkyApm.Transport.Grpc.ConnectionManager : Connect server timeout.
System.Threading.Tasks.TaskCanceledException: Reached deadline.
   at Grpc.Core.Channel.WaitForStateChangedAsync(ChannelState lastObservedState, Nullable`1 deadline)
   at Grpc.Core.Channel.ConnectAsync(Nullable`1 deadline)
   at SkyApm.Transport.Grpc.ConnectionManager.ConnectAsync()
2021-01-24 01:54:34.989 -03:00 [Music_App] [Information] SkyApm.Transport.Grpc.ConnectionManager : Shutdown connection[localhost:11800].
2021-01-24 01:54:44.991 -03:00 [Music_App] [Error] SkyApm.Transport.Grpc.ConnectionManager : Connect server timeout.
System.Threading.Tasks.TaskCanceledException: Reached deadline.
   at Grpc.Core.Channel.WaitForStateChangedAsync(ChannelState lastObservedState, Nullable`1 deadline)
   at Grpc.Core.Channel.ConnectAsync(Nullable`1 deadline)
   at SkyApm.Transport.Grpc.ConnectionManager.ConnectAsync()
2021-01-24 01:54:49.987 -03:00 [Music_App] [Information] SkyApm.Transport.Grpc.ConnectionManager : Shutdown connection[localhost:11800].
2021-01-24 01:54:59.990 -03:00 [Music_App] [Error] SkyApm.Transport.Grpc.ConnectionManager : Connect server timeout.
System.Threading.Tasks.TaskCanceledException: Reached deadline.
   at Grpc.Core.Channel.WaitForStateChangedAsync(ChannelState lastObservedState, Nullable`1 deadline)
   at Grpc.Core.Channel.ConnectAsync(Nullable`1 deadline)
   at SkyApm.Transport.Grpc.ConnectionManager.ConnectAsync()
2021-01-24 01:55:04.990 -03:00 [Music_App] [Information] SkyApm.Transport.Grpc.ConnectionManager : Shutdown connection[localhost:11800].
2021-01-24 01:55:14.994 -03:00 [Music_App] [Error] SkyApm.Transport.Grpc.ConnectionManager : Connect server timeout.
System.Threading.Tasks.TaskCanceledException: Reached deadline.
   at Grpc.Core.Channel.WaitForStateChangedAsync(ChannelState lastObservedState, Nullable`1 deadline)
   at Grpc.Core.Channel.ConnectAsync(Nullable`1 deadline)
   at SkyApm.Transport.Grpc.ConnectionManager.ConnectAsync()
2021-01-24 01:55:19.989 -03:00 [Music_App] [Information] SkyApm.Transport.Grpc.ConnectionManager : Shutdown connection[localhost:11800].
2021-01-24 01:55:29.991 -03:00 [Music_App] [Error] SkyApm.Transport.Grpc.ConnectionManager : Connect server timeout.
System.Threading.Tasks.TaskCanceledException: Reached deadline.
   at Grpc.Core.Channel.WaitForStateChangedAsync(ChannelState lastObservedState, Nullable`1 deadline)
   at Grpc.Core.Channel.ConnectAsync(Nullable`1 deadline)
   at SkyApm.Transport.Grpc.ConnectionManager.ConnectAsync()
2021-01-24 01:55:34.987 -03:00 [Music_App] [Information] SkyApm.Transport.Grpc.ConnectionManager : Shutdown connection[localhost:11800].
2021-01-24 01:55:44.990 -03:00 [Music_App] [Error] SkyApm.Transport.Grpc.ConnectionManager : Connect server timeout.
System.Threading.Tasks.TaskCanceledException: Reached deadline.
   at Grpc.Core.Channel.WaitForStateChangedAsync(ChannelState lastObservedState, Nullable`1 deadline)
   at Grpc.Core.Channel.ConnectAsync(Nullable`1 deadline)
   at SkyApm.Transport.Grpc.ConnectionManager.ConnectAsync()
2021-01-24 01:55:49.993 -03:00 [Music_App] [Information] SkyApm.Transport.Grpc.ConnectionManager : Shutdown connection[localhost:11800].
2021-01-24 01:55:59.997 -03:00 [Music_App] [Error] SkyApm.Transport.Grpc.ConnectionManager : Connect server timeout.
System.Threading.Tasks.TaskCanceledException: Reached deadline.
   at Grpc.Core.Channel.WaitForStateChangedAsync(ChannelState lastObservedState, Nullable`1 deadline)
   at Grpc.Core.Channel.ConnectAsync(Nullable`1 deadline)
   at SkyApm.Transport.Grpc.ConnectionManager.ConnectAsync()
2021-01-24 01:56:04.982 -03:00 [Music_App] [Information] SkyApm.Transport.Grpc.ConnectionManager : Shutdown connection[localhost:11800].
2021-01-24 01:59:27.315 -03:00 [Music_App] [Information] SkyApm.InstrumentStartup : Initializing ...
2021-01-24 01:59:27.465 -03:00 [Music_App] [Information] SkyApm.Service.RegisterService : Loaded instrument service [SkyApm.Service.RegisterService].
2021-01-24 01:59:27.466 -03:00 [Music_App] [Information] SkyApm.Service.PingService : Loaded instrument service [SkyApm.Service.PingService].
2021-01-24 01:59:27.466 -03:00 [Music_App] [Information] SkyApm.Service.SegmentReportService : Loaded instrument service [SkyApm.Service.SegmentReportService].
2021-01-24 01:59:27.466 -03:00 [Music_App] [Information] SkyApm.Service.CLRStatsService : Loaded instrument service [SkyApm.Service.CLRStatsService].
2021-01-24 01:59:27.466 -03:00 [Music_App] [Information] SkyApm.Sampling.SimpleCountSamplingInterceptor : Loaded instrument service [SkyApm.Sampling.SimpleCountSamplingInterceptor].
2021-01-24 01:59:27.466 -03:00 [Music_App] [Information] SkyApm.Transport.Grpc.ConnectService : Loaded instrument service [SkyApm.Transport.Grpc.ConnectService].
2021-01-24 01:59:27.522 -03:00 [Music_App] [Information] SkyApm.Diagnostics.TracingDiagnosticProcessorObserver : Loaded diagnostic listener [Microsoft.AspNetCore].
2021-01-24 01:59:27.522 -03:00 [Music_App] [Information] SkyApm.InstrumentStartup : Started SkyAPM .NET Core Agent.
2021-01-24 01:59:37.699 -03:00 [Music_App] [Error] SkyApm.Transport.Grpc.ConnectionManager : Connect server timeout.
System.Threading.Tasks.TaskCanceledException: Reached deadline.
   at Grpc.Core.Channel.WaitForStateChangedAsync(ChannelState lastObservedState, Nullable`1 deadline)
   at Grpc.Core.Channel.ConnectAsync(Nullable`1 deadline)
   at SkyApm.Transport.Grpc.ConnectionManager.ConnectAsync()
2021-01-24 01:59:42.478 -03:00 [Music_App] [Information] SkyApm.Transport.Grpc.ConnectionManager : Shutdown connection[localhost:11800].
2021-01-24 01:59:52.480 -03:00 [Music_App] [Error] SkyApm.Transport.Grpc.ConnectionManager : Connect server timeout.
System.Threading.Tasks.TaskCanceledException: Reached deadline.
   at Grpc.Core.Channel.WaitForStateChangedAsync(ChannelState lastObservedState, Nullable`1 deadline)
   at Grpc.Core.Channel.ConnectAsync(Nullable`1 deadline)
   at SkyApm.Transport.Grpc.ConnectionManager.ConnectAsync()
2021-01-24 01:59:55.273 -03:00 [Music_App] [Information] SkyApm.Diagnostics.TracingDiagnosticProcessorObserver : Loaded diagnostic listener [Microsoft.EntityFrameworkCore].
2021-01-24 01:59:57.469 -03:00 [Music_App] [Information] SkyApm.Transport.Grpc.ConnectionManager : Shutdown connection[localhost:11800].
2021-01-24 02:00:07.472 -03:00 [Music_App] [Error] SkyApm.Transport.Grpc.ConnectionManager : Connect server timeout.
System.Threading.Tasks.TaskCanceledException: Reached deadline.
   at Grpc.Core.Channel.WaitForStateChangedAsync(ChannelState lastObservedState, Nullable`1 deadline)
   at Grpc.Core.Channel.ConnectAsync(Nullable`1 deadline)
   at SkyApm.Transport.Grpc.ConnectionManager.ConnectAsync()
2021-01-24 02:00:12.469 -03:00 [Music_App] [Information] SkyApm.Transport.Grpc.ConnectionManager : Shutdown connection[localhost:11800].
2021-01-24 02:00:22.473 -03:00 [Music_App] [Error] SkyApm.Transport.Grpc.ConnectionManager : Connect server timeout.
System.Threading.Tasks.TaskCanceledException: Reached deadline.
   at Grpc.Core.Channel.WaitForStateChangedAsync(ChannelState lastObservedState, Nullable`1 deadline)
   at Grpc.Core.Channel.ConnectAsync(Nullable`1 deadline)
   at SkyApm.Transport.Grpc.ConnectionManager.ConnectAsync()
2021-01-24 02:00:27.467 -03:00 [Music_App] [Information] SkyApm.Transport.Grpc.ConnectionManager : Shutdown connection[localhost:11800].
2021-01-24 02:00:37.469 -03:00 [Music_App] [Error] SkyApm.Transport.Grpc.ConnectionManager : Connect server timeout.
System.Threading.Tasks.TaskCanceledException: Reached deadline.
   at Grpc.Core.Channel.WaitForStateChangedAsync(ChannelState lastObservedState, Nullable`1 deadline)
   at Grpc.Core.Channel.ConnectAsync(Nullable`1 deadline)
   at SkyApm.Transport.Grpc.ConnectionManager.ConnectAsync()
2021-01-24 02:00:42.468 -03:00 [Music_App] [Information] SkyApm.Transport.Grpc.ConnectionManager : Shutdown connection[localhost:11800].
2021-01-24 02:00:52.472 -03:00 [Music_App] [Error] SkyApm.Transport.Grpc.ConnectionManager : Connect server timeout.
System.Threading.Tasks.TaskCanceledException: Reached deadline.
   at Grpc.Core.Channel.WaitForStateChangedAsync(ChannelState lastObservedState, Nullable`1 deadline)
   at Grpc.Core.Channel.ConnectAsync(Nullable`1 deadline)
   at SkyApm.Transport.Grpc.ConnectionManager.ConnectAsync()
2021-01-24 02:00:57.467 -03:00 [Music_App] [Information] SkyApm.Transport.Grpc.ConnectionManager : Shutdown connection[localhost:11800].
2021-01-24 02:01:31.424 -03:00 [Music_App] [Information] SkyApm.InstrumentStartup : Initializing ...
2021-01-24 02:01:31.459 -03:00 [Music_App] [Information] SkyApm.Service.RegisterService : Loaded instrument service [SkyApm.Service.RegisterService].
2021-01-24 02:01:31.459 -03:00 [Music_App] [Information] SkyApm.Service.PingService : Loaded instrument service [SkyApm.Service.PingService].
2021-01-24 02:01:31.459 -03:00 [Music_App] [Information] SkyApm.Service.SegmentReportService : Loaded instrument service [SkyApm.Service.SegmentReportService].
2021-01-24 02:01:31.460 -03:00 [Music_App] [Information] SkyApm.Service.CLRStatsService : Loaded instrument service [SkyApm.Service.CLRStatsService].
2021-01-24 02:01:31.460 -03:00 [Music_App] [Information] SkyApm.Sampling.SimpleCountSamplingInterceptor : Loaded instrument service [SkyApm.Sampling.SimpleCountSamplingInterceptor].
2021-01-24 02:01:31.460 -03:00 [Music_App] [Information] SkyApm.Transport.Grpc.ConnectService : Loaded instrument service [SkyApm.Transport.Grpc.ConnectService].
2021-01-24 02:01:31.507 -03:00 [Music_App] [Information] SkyApm.Diagnostics.TracingDiagnosticProcessorObserver : Loaded diagnostic listener [Microsoft.AspNetCore].
2021-01-24 02:01:31.507 -03:00 [Music_App] [Information] SkyApm.InstrumentStartup : Started SkyAPM .NET Core Agent.
2021-01-24 02:01:41.573 -03:00 [Music_App] [Error] SkyApm.Transport.Grpc.ConnectionManager : Connect server timeout.
System.Threading.Tasks.TaskCanceledException: Reached deadline.
   at Grpc.Core.Channel.WaitForStateChangedAsync(ChannelState lastObservedState, Nullable`1 deadline)
   at Grpc.Core.Channel.ConnectAsync(Nullable`1 deadline)
   at SkyApm.Transport.Grpc.ConnectionManager.ConnectAsync()
2021-01-24 02:01:46.479 -03:00 [Music_App] [Information] SkyApm.Transport.Grpc.ConnectionManager : Shutdown connection[localhost:11800].
2021-01-24 02:01:51.148 -03:00 [Music_App] [Information] SkyApm.Diagnostics.TracingDiagnosticProcessorObserver : Loaded diagnostic listener [Microsoft.EntityFrameworkCore].
2021-01-24 02:01:56.481 -03:00 [Music_App] [Error] SkyApm.Transport.Grpc.ConnectionManager : Connect server timeout.
System.Threading.Tasks.TaskCanceledException: Reached deadline.
   at Grpc.Core.Channel.WaitForStateChangedAsync(ChannelState lastObservedState, Nullable`1 deadline)
   at Grpc.Core.Channel.ConnectAsync(Nullable`1 deadline)
   at SkyApm.Transport.Grpc.ConnectionManager.ConnectAsync()
2021-01-24 02:02:01.468 -03:00 [Music_App] [Information] SkyApm.Transport.Grpc.ConnectionManager : Shutdown connection[localhost:11800].
2021-01-24 02:02:11.473 -03:00 [Music_App] [Error] SkyApm.Transport.Grpc.ConnectionManager : Connect server timeout.
System.Threading.Tasks.TaskCanceledException: Reached deadline.
   at Grpc.Core.Channel.WaitForStateChangedAsync(ChannelState lastObservedState, Nullable`1 deadline)
   at Grpc.Core.Channel.ConnectAsync(Nullable`1 deadline)
   at SkyApm.Transport.Grpc.ConnectionManager.ConnectAsync()
2021-01-24 02:02:16.477 -03:00 [Music_App] [Information] SkyApm.Transport.Grpc.ConnectionManager : Shutdown connection[localhost:11800].
2021-01-24 02:02:26.481 -03:00 [Music_App] [Error] SkyApm.Transport.Grpc.ConnectionManager : Connect server timeout.
System.Threading.Tasks.TaskCanceledException: Reached deadline.
   at Grpc.Core.Channel.WaitForStateChangedAsync(ChannelState lastObservedState, Nullable`1 deadline)
   at Grpc.Core.Channel.ConnectAsync(Nullable`1 deadline)
   at SkyApm.Transport.Grpc.ConnectionManager.ConnectAsync()
2021-01-24 02:02:31.467 -03:00 [Music_App] [Information] SkyApm.Transport.Grpc.ConnectionManager : Shutdown connection[localhost:11800].
2021-01-24 02:02:41.471 -03:00 [Music_App] [Error] SkyApm.Transport.Grpc.ConnectionManager : Connect server timeout.
System.Threading.Tasks.TaskCanceledException: Reached deadline.
   at Grpc.Core.Channel.WaitForStateChangedAsync(ChannelState lastObservedState, Nullable`1 deadline)
   at Grpc.Core.Channel.ConnectAsync(Nullable`1 deadline)
   at SkyApm.Transport.Grpc.ConnectionManager.ConnectAsync()
2021-01-24 02:02:46.470 -03:00 [Music_App] [Information] SkyApm.Transport.Grpc.ConnectionManager : Shutdown connection[localhost:11800].
2021-01-24 02:02:56.473 -03:00 [Music_App] [Error] SkyApm.Transport.Grpc.ConnectionManager : Connect server timeout.
System.Threading.Tasks.TaskCanceledException: Reached deadline.
   at Grpc.Core.Channel.WaitForStateChangedAsync(ChannelState lastObservedState, Nullable`1 deadline)
   at Grpc.Core.Channel.ConnectAsync(Nullable`1 deadline)
   at SkyApm.Transport.Grpc.ConnectionManager.ConnectAsync()
2021-01-24 02:03:01.469 -03:00 [Music_App] [Information] SkyApm.Transport.Grpc.ConnectionManager : Shutdown connection[localhost:11800].
2021-01-24 02:03:11.472 -03:00 [Music_App] [Error] SkyApm.Transport.Grpc.ConnectionManager : Connect server timeout.
System.Threading.Tasks.TaskCanceledException: Reached deadline.
   at Grpc.Core.Channel.WaitForStateChangedAsync(ChannelState lastObservedState, Nullable`1 deadline)
   at Grpc.Core.Channel.ConnectAsync(Nullable`1 deadline)
   at SkyApm.Transport.Grpc.ConnectionManager.ConnectAsync()
2021-01-24 02:03:16.470 -03:00 [Music_App] [Information] SkyApm.Transport.Grpc.ConnectionManager : Shutdown connection[localhost:11800].
2021-01-24 02:03:26.472 -03:00 [Music_App] [Error] SkyApm.Transport.Grpc.ConnectionManager : Connect server timeout.
System.Threading.Tasks.TaskCanceledException: Reached deadline.
   at Grpc.Core.Channel.WaitForStateChangedAsync(ChannelState lastObservedState, Nullable`1 deadline)
   at Grpc.Core.Channel.ConnectAsync(Nullable`1 deadline)
   at SkyApm.Transport.Grpc.ConnectionManager.ConnectAsync()
2021-01-24 02:03:31.469 -03:00 [Music_App] [Information] SkyApm.Transport.Grpc.ConnectionManager : Shutdown connection[localhost:11800].
2021-01-24 02:03:41.471 -03:00 [Music_App] [Error] SkyApm.Transport.Grpc.ConnectionManager : Connect server timeout.
System.Threading.Tasks.TaskCanceledException: Reached deadline.
   at Grpc.Core.Channel.WaitForStateChangedAsync(ChannelState lastObservedState, Nullable`1 deadline)
   at Grpc.Core.Channel.ConnectAsync(Nullable`1 deadline)
   at SkyApm.Transport.Grpc.ConnectionManager.ConnectAsync()
2021-01-24 02:03:46.474 -03:00 [Music_App] [Information] SkyApm.Transport.Grpc.ConnectionManager : Shutdown connection[localhost:11800].
2021-01-24 02:03:56.476 -03:00 [Music_App] [Error] SkyApm.Transport.Grpc.ConnectionManager : Connect server timeout.
System.Threading.Tasks.TaskCanceledException: Reached deadline.
   at Grpc.Core.Channel.WaitForStateChangedAsync(ChannelState lastObservedState, Nullable`1 deadline)
   at Grpc.Core.Channel.ConnectAsync(Nullable`1 deadline)
   at SkyApm.Transport.Grpc.ConnectionManager.ConnectAsync()
2021-01-24 02:04:01.467 -03:00 [Music_App] [Information] SkyApm.Transport.Grpc.ConnectionManager : Shutdown connection[localhost:11800].
2021-01-24 02:04:11.471 -03:00 [Music_App] [Error] SkyApm.Transport.Grpc.ConnectionManager : Connect server timeout.
System.Threading.Tasks.TaskCanceledException: Reached deadline.
   at Grpc.Core.Channel.WaitForStateChangedAsync(ChannelState lastObservedState, Nullable`1 deadline)
   at Grpc.Core.Channel.ConnectAsync(Nullable`1 deadline)
   at SkyApm.Transport.Grpc.ConnectionManager.ConnectAsync()
2021-01-24 02:04:16.468 -03:00 [Music_App] [Information] SkyApm.Transport.Grpc.ConnectionManager : Shutdown connection[localhost:11800].
2021-01-24 02:04:26.471 -03:00 [Music_App] [Error] SkyApm.Transport.Grpc.ConnectionManager : Connect server timeout.
System.Threading.Tasks.TaskCanceledException: Reached deadline.
   at Grpc.Core.Channel.WaitForStateChangedAsync(ChannelState lastObservedState, Nullable`1 deadline)
   at Grpc.Core.Channel.ConnectAsync(Nullable`1 deadline)
   at SkyApm.Transport.Grpc.ConnectionManager.ConnectAsync()
2021-01-24 02:04:31.467 -03:00 [Music_App] [Information] SkyApm.Transport.Grpc.ConnectionManager : Shutdown connection[localhost:11800].
2021-01-24 02:04:41.472 -03:00 [Music_App] [Error] SkyApm.Transport.Grpc.ConnectionManager : Connect server timeout.
System.Threading.Tasks.TaskCanceledException: Reached deadline.
   at Grpc.Core.Channel.WaitForStateChangedAsync(ChannelState lastObservedState, Nullable`1 deadline)
   at Grpc.Core.Channel.ConnectAsync(Nullable`1 deadline)
   at SkyApm.Transport.Grpc.ConnectionManager.ConnectAsync()
2021-01-24 02:04:46.476 -03:00 [Music_App] [Information] SkyApm.Transport.Grpc.ConnectionManager : Shutdown connection[localhost:11800].
2021-01-24 02:04:56.478 -03:00 [Music_App] [Error] SkyApm.Transport.Grpc.ConnectionManager : Connect server timeout.
System.Threading.Tasks.TaskCanceledException: Reached deadline.
   at Grpc.Core.Channel.WaitForStateChangedAsync(ChannelState lastObservedState, Nullable`1 deadline)
   at Grpc.Core.Channel.ConnectAsync(Nullable`1 deadline)
   at SkyApm.Transport.Grpc.ConnectionManager.ConnectAsync()
2021-01-24 02:05:01.466 -03:00 [Music_App] [Information] SkyApm.Transport.Grpc.ConnectionManager : Shutdown connection[localhost:11800].
2021-01-24 02:05:11.468 -03:00 [Music_App] [Error] SkyApm.Transport.Grpc.ConnectionManager : Connect server timeout.
System.Threading.Tasks.TaskCanceledException: Reached deadline.
   at Grpc.Core.Channel.WaitForStateChangedAsync(ChannelState lastObservedState, Nullable`1 deadline)
   at Grpc.Core.Channel.ConnectAsync(Nullable`1 deadline)
   at SkyApm.Transport.Grpc.ConnectionManager.ConnectAsync()
2021-01-24 02:05:16.466 -03:00 [Music_App] [Information] SkyApm.Transport.Grpc.ConnectionManager : Shutdown connection[localhost:11800].
2021-01-24 02:05:26.470 -03:00 [Music_App] [Error] SkyApm.Transport.Grpc.ConnectionManager : Connect server timeout.
System.Threading.Tasks.TaskCanceledException: Reached deadline.
   at Grpc.Core.Channel.WaitForStateChangedAsync(ChannelState lastObservedState, Nullable`1 deadline)
   at Grpc.Core.Channel.ConnectAsync(Nullable`1 deadline)
   at SkyApm.Transport.Grpc.ConnectionManager.ConnectAsync()
2021-01-24 02:05:31.467 -03:00 [Music_App] [Information] SkyApm.Transport.Grpc.ConnectionManager : Shutdown connection[localhost:11800].
2021-01-24 02:05:41.469 -03:00 [Music_App] [Error] SkyApm.Transport.Grpc.ConnectionManager : Connect server timeout.
System.Threading.Tasks.TaskCanceledException: Reached deadline.
   at Grpc.Core.Channel.WaitForStateChangedAsync(ChannelState lastObservedState, Nullable`1 deadline)
   at Grpc.Core.Channel.ConnectAsync(Nullable`1 deadline)
   at SkyApm.Transport.Grpc.ConnectionManager.ConnectAsync()
2021-01-24 02:05:46.468 -03:00 [Music_App] [Information] SkyApm.Transport.Grpc.ConnectionManager : Shutdown connection[localhost:11800].
2021-01-24 02:05:56.471 -03:00 [Music_App] [Error] SkyApm.Transport.Grpc.ConnectionManager : Connect server timeout.
System.Threading.Tasks.TaskCanceledException: Reached deadline.
   at Grpc.Core.Channel.WaitForStateChangedAsync(ChannelState lastObservedState, Nullable`1 deadline)
   at Grpc.Core.Channel.ConnectAsync(Nullable`1 deadline)
   at SkyApm.Transport.Grpc.ConnectionManager.ConnectAsync()
2021-01-24 02:06:01.472 -03:00 [Music_App] [Information] SkyApm.Transport.Grpc.ConnectionManager : Shutdown connection[localhost:11800].
2021-01-24 02:06:11.475 -03:00 [Music_App] [Error] SkyApm.Transport.Grpc.ConnectionManager : Connect server timeout.
System.Threading.Tasks.TaskCanceledException: Reached deadline.
   at Grpc.Core.Channel.WaitForStateChangedAsync(ChannelState lastObservedState, Nullable`1 deadline)
   at Grpc.Core.Channel.ConnectAsync(Nullable`1 deadline)
   at SkyApm.Transport.Grpc.ConnectionManager.ConnectAsync()
2021-01-24 02:06:16.468 -03:00 [Music_App] [Information] SkyApm.Transport.Grpc.ConnectionManager : Shutdown connection[localhost:11800].
2021-01-24 02:06:26.470 -03:00 [Music_App] [Error] SkyApm.Transport.Grpc.ConnectionManager : Connect server timeout.
System.Threading.Tasks.TaskCanceledException: Reached deadline.
   at Grpc.Core.Channel.WaitForStateChangedAsync(ChannelState lastObservedState, Nullable`1 deadline)
   at Grpc.Core.Channel.ConnectAsync(Nullable`1 deadline)
   at SkyApm.Transport.Grpc.ConnectionManager.ConnectAsync()
2021-01-24 02:06:31.468 -03:00 [Music_App] [Information] SkyApm.Transport.Grpc.ConnectionManager : Shutdown connection[localhost:11800].
2021-01-24 02:06:41.471 -03:00 [Music_App] [Error] SkyApm.Transport.Grpc.ConnectionManager : Connect server timeout.
System.Threading.Tasks.TaskCanceledException: Reached deadline.
   at Grpc.Core.Channel.WaitForStateChangedAsync(ChannelState lastObservedState, Nullable`1 deadline)
   at Grpc.Core.Channel.ConnectAsync(Nullable`1 deadline)
   at SkyApm.Transport.Grpc.ConnectionManager.ConnectAsync()
2021-01-24 02:06:46.466 -03:00 [Music_App] [Information] SkyApm.Transport.Grpc.ConnectionManager : Shutdown connection[localhost:11800].
2021-01-24 02:06:56.469 -03:00 [Music_App] [Error] SkyApm.Transport.Grpc.ConnectionManager : Connect server timeout.
System.Threading.Tasks.TaskCanceledException: Reached deadline.
   at Grpc.Core.Channel.WaitForStateChangedAsync(ChannelState lastObservedState, Nullable`1 deadline)
   at Grpc.Core.Channel.ConnectAsync(Nullable`1 deadline)
   at SkyApm.Transport.Grpc.ConnectionManager.ConnectAsync()
